2020-11-28 21:02:54.643 [main] INFO  com.szx.BlogApplication - Starting BlogApplication on LAPTOP-GC9EQOVG with PID 1968 (X:\Study\java_study\XunBlog\target\classes started by LENOVO in X:\Study\java_study\XunBlog)
2020-11-28 21:02:54.676 [main] INFO  com.szx.BlogApplication - The following profiles are active: env1
2020-11-28 21:02:57.014 [main] INFO  o.s.boot.web.embedded.tomcat.TomcatWebServer - Tomcat initialized with port(s): 8888 (http)
2020-11-28 21:02:57.045 [main] INFO  org.apache.coyote.http11.Http11NioProtocol - Initializing ProtocolHandler ["http-nio-8888"]
2020-11-28 21:02:57.046 [main] INFO  org.apache.catalina.core.StandardService - Starting service [Tomcat]
2020-11-28 21:02:57.047 [main] INFO  org.apache.catalina.core.StandardEngine - Starting Servlet engine: [Apache Tomcat/9.0.37]
2020-11-28 21:02:57.255 [main] INFO  o.a.c.core.ContainerBase.[Tomcat].[localhost].[/] - Initializing Spring embedded WebApplicationContext
2020-11-28 21:02:57.256 [main] INFO  o.s.b.w.s.c.ServletWebServerApplicationContext - Root WebApplicationContext: initialization completed in 2500 ms
2020-11-28 21:02:58.343 [main] INFO  o.s.scheduling.concurrent.ThreadPoolTaskExecutor - Initializing ExecutorService 'applicationTaskExecutor'
2020-11-28 21:02:58.486 [main] INFO  o.s.b.a.web.servlet.WelcomePageHandlerMapping - Adding welcome page template: index
2020-11-28 21:02:58.872 [main] INFO  org.apache.coyote.http11.Http11NioProtocol - Starting ProtocolHandler ["http-nio-8888"]
2020-11-28 21:02:58.979 [main] INFO  o.s.boot.web.embedded.tomcat.TomcatWebServer - Tomcat started on port(s): 8888 (http) with context path ''
2020-11-28 21:02:59.001 [main] INFO  com.szx.BlogApplication - Started BlogApplication in 5.371 seconds (JVM running for 9.781)
2020-11-28 21:03:31.711 [http-nio-8888-exec-1] INFO  o.a.c.core.ContainerBase.[Tomcat].[localhost].[/] - Initializing Spring DispatcherServlet 'dispatcherServlet'
2020-11-28 21:03:31.711 [http-nio-8888-exec-1] INFO  org.springframework.web.servlet.DispatcherServlet - Initializing Servlet 'dispatcherServlet'
2020-11-28 21:03:31.731 [http-nio-8888-exec-1] INFO  org.springframework.web.servlet.DispatcherServlet - Completed initialization in 19 ms
2020-11-28 21:03:31.791 [http-nio-8888-exec-1] INFO  com.szx.aspect.LogAspect - Request : {url='http://localhost:8888/hello', ip='0:0:0:0:0:0:0:1', classMethod='com.szx.controller.HelloController.hello', args=[{md={gender=男, age=99}, tt={gender=男, age=99}, list=[1, 2, 4]}]}
2020-11-28 21:03:31.796 [http-nio-8888-exec-1] INFO  com.szx.aspect.LogAspect - Result : hello controller advice
2020-11-28 21:03:31.796 [http-nio-8888-exec-1] INFO  com.szx.aspect.LogAspect - ------------deAfter-------------
2020-11-28 21:51:05.491 [main] INFO  com.szx.BlogApplication - Starting BlogApplication on LAPTOP-GC9EQOVG with PID 14152 (X:\Study\java_study\XunBlog\target\classes started by LENOVO in X:\Study\java_study\XunBlog)
2020-11-28 21:51:05.506 [main] INFO  com.szx.BlogApplication - The following profiles are active: env1
2020-11-28 21:51:06.818 [main] INFO  o.s.boot.web.embedded.tomcat.TomcatWebServer - Tomcat initialized with port(s): 8888 (http)
2020-11-28 21:51:06.826 [main] INFO  org.apache.coyote.http11.Http11NioProtocol - Initializing ProtocolHandler ["http-nio-8888"]
2020-11-28 21:51:06.827 [main] INFO  org.apache.catalina.core.StandardService - Starting service [Tomcat]
2020-11-28 21:51:06.827 [main] INFO  org.apache.catalina.core.StandardEngine - Starting Servlet engine: [Apache Tomcat/9.0.37]
2020-11-28 21:51:06.925 [main] INFO  o.a.c.core.ContainerBase.[Tomcat].[localhost].[/] - Initializing Spring embedded WebApplicationContext
2020-11-28 21:51:06.925 [main] INFO  o.s.b.w.s.c.ServletWebServerApplicationContext - Root WebApplicationContext: initialization completed in 1351 ms
2020-11-28 21:51:07.596 [main] INFO  o.s.scheduling.concurrent.ThreadPoolTaskExecutor - Initializing ExecutorService 'applicationTaskExecutor'
2020-11-28 21:51:07.694 [main] INFO  o.s.b.a.web.servlet.WelcomePageHandlerMapping - Adding welcome page template: index
2020-11-28 21:51:08.416 [main] INFO  org.apache.coyote.http11.Http11NioProtocol - Starting ProtocolHandler ["http-nio-8888"]
2020-11-28 21:51:08.528 [main] INFO  o.s.boot.web.embedded.tomcat.TomcatWebServer - Tomcat started on port(s): 8888 (http) with context path ''
2020-11-28 21:51:08.572 [main] INFO  com.szx.BlogApplication - Started BlogApplication in 3.636 seconds (JVM running for 6.292)
2020-11-28 21:51:14.930 [http-nio-8888-exec-1] INFO  o.a.c.core.ContainerBase.[Tomcat].[localhost].[/] - Initializing Spring DispatcherServlet 'dispatcherServlet'
2020-11-28 21:51:14.931 [http-nio-8888-exec-1] INFO  org.springframework.web.servlet.DispatcherServlet - Initializing Servlet 'dispatcherServlet'
2020-11-28 21:51:14.962 [http-nio-8888-exec-1] INFO  org.springframework.web.servlet.DispatcherServlet - Completed initialization in 31 ms
2020-11-28 21:51:15.047 [http-nio-8888-exec-1] INFO  com.szx.aspect.LogAspect - Request : {url='http://localhost:8888/', ip='0:0:0:0:0:0:0:1', classMethod='com.szx.controller.IndexController.index', args=[]}
2020-11-28 21:51:15.068 [http-nio-8888-exec-1] INFO  com.szx.aspect.LogAspect - Result : index
2020-11-28 21:51:15.068 [http-nio-8888-exec-1] INFO  com.szx.aspect.LogAspect - ------------deAfter-------------
2020-11-28 21:51:58.024 [http-nio-8888-exec-1] INFO  com.szx.aspect.LogAspect - Request : {url='http://localhost:8888/', ip='0:0:0:0:0:0:0:1', classMethod='com.szx.controller.IndexController.index', args=[]}
2020-11-28 21:51:58.024 [http-nio-8888-exec-1] INFO  com.szx.aspect.LogAspect - Result : index
2020-11-28 21:51:58.024 [http-nio-8888-exec-1] INFO  com.szx.aspect.LogAspect - ------------deAfter-------------
2020-11-28 21:56:10.050 [http-nio-8888-exec-2] INFO  com.szx.aspect.LogAspect - Request : {url='http://localhost:8888/', ip='0:0:0:0:0:0:0:1', classMethod='com.szx.controller.IndexController.index', args=[]}
2020-11-28 21:56:10.051 [http-nio-8888-exec-2] INFO  com.szx.aspect.LogAspect - Result : index
2020-11-28 21:56:10.051 [http-nio-8888-exec-2] INFO  com.szx.aspect.LogAspect - ------------deAfter-------------
2020-11-28 21:58:16.646 [http-nio-8888-exec-6] INFO  com.szx.aspect.LogAspect - Request : {url='http://localhost:8888/', ip='0:0:0:0:0:0:0:1', classMethod='com.szx.controller.IndexController.index', args=[]}
2020-11-28 21:58:16.647 [http-nio-8888-exec-6] INFO  com.szx.aspect.LogAspect - Result : index
2020-11-28 21:58:16.647 [http-nio-8888-exec-6] INFO  com.szx.aspect.LogAspect - ------------deAfter-------------
2020-11-28 22:00:18.272 [http-nio-8888-exec-5] INFO  com.szx.aspect.LogAspect - Request : {url='http://localhost:8888/', ip='0:0:0:0:0:0:0:1', classMethod='com.szx.controller.IndexController.index', args=[]}
2020-11-28 22:00:18.273 [http-nio-8888-exec-5] INFO  com.szx.aspect.LogAspect - Result : index
2020-11-28 22:00:18.273 [http-nio-8888-exec-5] INFO  com.szx.aspect.LogAspect - ------------deAfter-------------
2020-11-28 22:00:59.339 [http-nio-8888-exec-7] INFO  com.szx.aspect.LogAspect - Request : {url='http://localhost:8888/', ip='0:0:0:0:0:0:0:1', classMethod='com.szx.controller.IndexController.index', args=[]}
2020-11-28 22:00:59.340 [http-nio-8888-exec-7] INFO  com.szx.aspect.LogAspect - Result : index
2020-11-28 22:00:59.340 [http-nio-8888-exec-7] INFO  com.szx.aspect.LogAspect - ------------deAfter-------------
2020-11-28 22:01:02.943 [http-nio-8888-exec-2] INFO  com.szx.aspect.LogAspect - Request : {url='http://localhost:8888/', ip='0:0:0:0:0:0:0:1', classMethod='com.szx.controller.IndexController.index', args=[]}
2020-11-28 22:01:02.943 [http-nio-8888-exec-2] INFO  com.szx.aspect.LogAspect - Result : index
2020-11-28 22:01:02.944 [http-nio-8888-exec-2] INFO  com.szx.aspect.LogAspect - ------------deAfter-------------
2020-11-28 22:01:20.849 [http-nio-8888-exec-9] INFO  com.szx.aspect.LogAspect - Request : {url='http://localhost:8888/', ip='0:0:0:0:0:0:0:1', classMethod='com.szx.controller.IndexController.index', args=[]}
2020-11-28 22:01:20.849 [http-nio-8888-exec-9] INFO  com.szx.aspect.LogAspect - Result : index
2020-11-28 22:01:20.850 [http-nio-8888-exec-9] INFO  com.szx.aspect.LogAspect - ------------deAfter-------------
2020-11-28 22:02:28.339 [http-nio-8888-exec-9] INFO  com.szx.aspect.LogAspect - Request : {url='http://localhost:8888/', ip='0:0:0:0:0:0:0:1', classMethod='com.szx.controller.IndexController.index', args=[]}
2020-11-28 22:02:28.340 [http-nio-8888-exec-9] INFO  com.szx.aspect.LogAspect - Result : index
2020-11-28 22:02:28.340 [http-nio-8888-exec-9] INFO  com.szx.aspect.LogAspect - ------------deAfter-------------
2020-11-28 22:03:44.821 [http-nio-8888-exec-4] INFO  com.szx.aspect.LogAspect - Request : {url='http://localhost:8888/', ip='0:0:0:0:0:0:0:1', classMethod='com.szx.controller.IndexController.index', args=[]}
2020-11-28 22:03:44.821 [http-nio-8888-exec-4] INFO  com.szx.aspect.LogAspect - Result : index
2020-11-28 22:03:44.822 [http-nio-8888-exec-4] INFO  com.szx.aspect.LogAspect - ------------deAfter-------------
2020-11-28 22:05:33.758 [http-nio-8888-exec-1] INFO  com.szx.aspect.LogAspect - Request : {url='http://localhost:8888/', ip='0:0:0:0:0:0:0:1', classMethod='com.szx.controller.IndexController.index', args=[]}
2020-11-28 22:05:33.759 [http-nio-8888-exec-1] INFO  com.szx.aspect.LogAspect - Result : index
2020-11-28 22:05:33.759 [http-nio-8888-exec-1] INFO  com.szx.aspect.LogAspect - ------------deAfter-------------
2020-11-28 22:06:14.976 [http-nio-8888-exec-2] INFO  com.szx.aspect.LogAspect - Request : {url='http://localhost:8888/', ip='0:0:0:0:0:0:0:1', classMethod='com.szx.controller.IndexController.index', args=[]}
2020-11-28 22:06:14.977 [http-nio-8888-exec-2] INFO  com.szx.aspect.LogAspect - Result : index
2020-11-28 22:06:14.979 [http-nio-8888-exec-2] INFO  com.szx.aspect.LogAspect - ------------deAfter-------------
